<?xml version="1.0" encoding="UTF-8"?>
<!-- Generated by org.testng.reporters.JUnitReportReporter -->
<testsuite hostname="DESKTOP-E7LGD4V" failures="0" tests="4" name="sample.Demo2" time="0.014" errors="0" timestamp="2021-05-27T20:38:51 IST" skipped="0">
  <testcase classname="sample.Demo2" name="connect" time="0.011"/>
  <testcase classname="sample.Demo2" name="connect1" time="0.001"/>
  <testcase classname="sample.Demo2" name="connect1" time="0.001"/>
  <testcase classname="sample.Demo2" name="connect1" time="0.001"/>
</testsuite> <!-- sample.Demo2 -->
